生成启动时间为 2019/8/18 21:20:19。
     1>项目“E:\比特\learning-C\bit_1\bit_1.vcxproj”在节点 2 上(build 个目标)。
     1>InitializeBuildStatus:
         正在创建“Debug\bit_1.unsuccessfulbuild”，因为已指定“AlwaysCreate”。
       ClCompile:
         d:\Microsoft Visual Studio 10.0\VC\bin\CL.exe /c /Zi /nologo /W3 /WX- /Od /Oy- /D WIN32 /D _DEBUG /D _CONSOLE /D _UNICODE /D UNICODE /D _CRT_SECURE_NO_DEPRECATE /Gm /EHsc /RTC1 /MDd /GS /fp:precise /Zc:wchar_t /Zc:forScope /Fo"Debug\\" /Fd"Debug\vc100.pdb" /Gd /TC /analyze- /errorReport:prompt day_07.c
         day_07.c
     1>e:\比特\learning-c\bit_1\day_07.c(221): warning C4716: “print”: 必须返回一个值
       ManifestResourceCompile:
         所有输出均为最新。
       Link:
         d:\Microsoft Visual Studio 10.0\VC\bin\link.exe /ERRORREPORT:PROMPT /OUT:"E:\比特\learning-C\bit_1\Debug\bit_1.exe" /INCREMENTAL /NOLOGO kernel32.lib user32.lib gdi32.lib winspool.lib comdlg32.lib advapi32.lib shell32.lib ole32.lib oleaut32.lib uuid.lib odbc32.lib odbccp32.lib /MANIFEST /ManifestFile:"Debug\bit_1.exe.intermediate.manifest" /MANIFESTUAC:"level='asInvoker' uiAccess='false'" /DEBUG /PDB:"E:\比特\learning-C\bit_1\Debug\bit_1.pdb" /SUBSYSTEM:CONSOLE /TLBID:1 /DYNAMICBASE /NXCOMPAT /IMPLIB:"E:\比特\learning-C\bit_1\Debug\bit_1.lib" /MACHINE:X86 Debug\bit_1.exe.embed.manifest.res
         Debug\day_07.obj
         Debug\day_0_6.obj
         Debug\test.obj
       Manifest:
         C:\Program Files (x86)\Microsoft SDKs\Windows\v7.0A\bin\mt.exe /nologo /verbose /out:"Debug\bit_1.exe.embed.manifest" /manifest Debug\bit_1.exe.intermediate.manifest
         所有输出均为最新。
       LinkEmbedManifest:
         所有输出均为最新。
         bit_1.vcxproj -> E:\比特\learning-C\bit_1\Debug\bit_1.exe
       FinalizeBuildStatus:
         正在删除文件“Debug\bit_1.unsuccessfulbuild”。
         正在对“Debug\bit_1.lastbuildstate”执行 Touch 任务。
     1>已完成生成项目“E:\比特\learning-C\bit_1\bit_1.vcxproj”(build 个目标)的操作。

生成成功。

已用时间 00:00:00.54
