E:\比特\DATASTRUCT\DEBUG\DATASTRUCT.EXE
E:\比特\DATASTRUCT\DEBUG\DATASTRUCT.EXE.INTERMEDIATE.MANIFEST
E:\比特\DATASTRUCT\DEBUG\DATASTRUCT.ILK
E:\比特\DATASTRUCT\DEBUG\DATASTRUCT.PDB
E:\比特\DATASTRUCT\DEBUG\SEQLIST.OBJ
E:\比特\DATASTRUCT\DEBUG\VC100.PDB
E:\比特\learning-C\DataStruct\Debug\cl.command.1.tlog
E:\比特\learning-C\DataStruct\Debug\CL.read.1.tlog
E:\比特\learning-C\DataStruct\Debug\CL.write.1.tlog
E:\比特\LEARNING-C\DATASTRUCT\DEBUG\DATASTRUCT.EXE
E:\比特\learning-C\DataStruct\Debug\DataStruct.exe.intermediate.manifest
E:\比特\learning-C\DataStruct\Debug\DataStruct.pdb
E:\比特\learning-C\DataStruct\Debug\DataStruct.vcxprojResolveAssemblyReference.cache
E:\比特\learning-C\DataStruct\Debug\DataStruct.write.1.tlog
E:\比特\learning-C\DataStruct\Debug\link.command.1.tlog
E:\比特\learning-C\DataStruct\Debug\link.read.1.tlog
E:\比特\learning-C\DataStruct\Debug\link.write.1.tlog
E:\比特\learning-C\DataStruct\Debug\mt.command.1.tlog
E:\比特\learning-C\DataStruct\Debug\mt.read.1.tlog
E:\比特\learning-C\DataStruct\Debug\mt.write.1.tlog
E:\比特\LEARNING-C\DATASTRUCT\DEBUG\SCLIST.OBJ
E:\比特\LEARNING-C\DATASTRUCT\DEBUG\SEQLIST.OBJ
E:\比特\LEARNING-C\DATASTRUCT\DEBUG\SLIST.OBJ
E:\比特\learning-C\DataStruct\Debug\vc100.idb
E:\比特\LEARNING-C\DATASTRUCT\DEBUG\VC100.PDB
