生成启动时间为 2019/9/27 22:34:22。
     1>项目“E:\比特\DataStruct\DataStruct.vcxproj”在节点 2 上(build 个目标)。
     1>InitializeBuildStatus:
         正在创建“Debug\DataStruct.unsuccessfulbuild”，因为已指定“AlwaysCreate”。
       ClCompile:
         d:\Microsoft Visual Studio 10.0\VC\bin\CL.exe /c /ZI /nologo /W3 /WX- /Od /Oy- /D WIN32 /D _DEBUG /D _CONSOLE /D _UNICODE /D UNICODE /Gm /EHsc /RTC1 /MDd /GS /fp:precise /Zc:wchar_t /Zc:forScope /Fo"Debug\\" /Fd"Debug\vc100.pdb" /Gd /TC /analyze- /errorReport:prompt test.c
         test.c
       ManifestResourceCompile:
         所有输出均为最新。
       Link:
         d:\Microsoft Visual Studio 10.0\VC\bin\link.exe /ERRORREPORT:PROMPT /OUT:"E:\比特\DataStruct\Debug\DataStruct.exe" /INCREMENTAL /NOLOGO kernel32.lib user32.lib gdi32.lib winspool.lib comdlg32.lib advapi32.lib shell32.lib ole32.lib oleaut32.lib uuid.lib odbc32.lib odbccp32.lib /MANIFEST /ManifestFile:"Debug\DataStruct.exe.intermediate.manifest" /MANIFESTUAC:"level='asInvoker' uiAccess='false'" /DEBUG /PDB:"E:\比特\DataStruct\Debug\DataStruct.pdb" /SUBSYSTEM:CONSOLE /TLBID:1 /DYNAMICBASE /NXCOMPAT /IMPLIB:"E:\比特\DataStruct\Debug\DataStruct.lib" /MACHINE:X86 Debug\DataStruct.exe.embed.manifest.res
         Debug\test.obj
       Manifest:
         C:\Program Files (x86)\Microsoft SDKs\Windows\v7.0A\bin\mt.exe /nologo /verbose /out:"Debug\DataStruct.exe.embed.manifest" /manifest Debug\DataStruct.exe.intermediate.manifest
         所有输出均为最新。
       LinkEmbedManifest:
         所有输出均为最新。
         DataStruct.vcxproj -> E:\比特\DataStruct\Debug\DataStruct.exe
       FinalizeBuildStatus:
         正在删除文件“Debug\DataStruct.unsuccessfulbuild”。
         正在对“Debug\DataStruct.lastbuildstate”执行 Touch 任务。
     1>已完成生成项目“E:\比特\DataStruct\DataStruct.vcxproj”(build 个目标)的操作。

生成成功。

已用时间 00:00:00.50
